<?xml version="1.0" encoding="UTF-8"?>
<!-- Generated by org.testng.reporters.JUnitReportReporter -->
<testsuite hostname="PUN-PREMG" name="com.PULSE.prem.Acuity_Pulse_App" tests="1" failures="0" timestamp="17 Mar 2016 11:15:59 GMT" time="14.851" errors="0">
  <testcase name="setMobileDesiredCapabilitiesForAndroid" time="14.851" classname="com.PULSE.prem.Acuity_Pulse_App"/>
</testsuite> <!-- com.PULSE.prem.Acuity_Pulse_App -->
