<?xml version="1.0" encoding="UTF-8"?>
<!-- Generated by org.testng.reporters.JUnitReportReporter -->
<testsuite hostname="PUN-PREMG" name="Acuity.Pulse_Acuity" tests="1" failures="0" timestamp="27 Apr 2016 08:51:24 GMT" time="76.808" errors="1">
  <testcase name="setMobileDesiredCapabilitiesForAndroid" time="76.808" classname="Acuity.Pulse_Acuity">
    <error type="org.openqa.selenium.remote.UnreachableBrowserException" message="Error communicating with the remote browser. It may have died.
Build info: version: &#039;2.48.2&#039;, revision: &#039;41bccdd&#039;, time: &#039;2015-10-09 19:59:12&#039;
System info: host: &#039;PUN-PREMG&#039;, ip: &#039;10.100.10.243&#039;, os.name: &#039;Windows 7&#039;, os.arch: &#039;amd64&#039;, os.version: &#039;6.1&#039;, java.version: &#039;1.8.0_77&#039;
Driver info: driver.version: AndroidDriver">
      <![CDATA[org.openqa.selenium.remote.UnreachableBrowserException: Error communicating with the remote browser. It may have died.
Build info: version: '2.48.2', revision: '41bccdd', time: '2015-10-09 19:59:12'
System info: host: 'PUN-PREMG', ip: '10.100.10.243', os.name: 'Windows 7', os.arch: 'amd64', os.version: '6.1', java.version: '1.8.0_77'
Driver info: driver.version: AndroidDriver
	at org.openqa.selenium.remote.RemoteWebDriver.execute(RemoteWebDriver.java:641)
	at io.appium.java_client.DefaultGenericMobileDriver.execute(DefaultGenericMobileDriver.java:42)
	at io.appium.java_client.AppiumDriver.execute(AppiumDriver.java:1)
	at io.appium.java_client.android.AndroidDriver.execute(AndroidDriver.java:1)
	at org.openqa.selenium.remote.RemoteWebDriver.findElement(RemoteWebDriver.java:353)
	at org.openqa.selenium.remote.RemoteWebDriver.findElementById(RemoteWebDriver.java:403)
	at io.appium.java_client.DefaultGenericMobileDriver.findElementById(DefaultGenericMobileDriver.java:62)
	at io.appium.java_client.AppiumDriver.findElementById(AppiumDriver.java:1)
	at io.appium.java_client.android.AndroidDriver.findElementById(AndroidDriver.java:1)
	at org.openqa.selenium.By$ById.findElement(By.java:218)
	at org.openqa.selenium.remote.RemoteWebDriver.findElement(RemoteWebDriver.java:345)
	at io.appium.java_client.DefaultGenericMobileDriver.findElement(DefaultGenericMobileDriver.java:52)
	at io.appium.java_client.AppiumDriver.findElement(AppiumDriver.java:1)
	at io.appium.java_client.android.AndroidDriver.findElement(AndroidDriver.java:1)
	at Acuity.Pulse_Acuity.setMobileDesiredCapabilitiesForAndroid(Pulse_Acuity.java:45)
	at sun.reflect.NativeMethodAccessorImpl.invoke0(Native Method)
	at sun.reflect.NativeMethodAccessorImpl.invoke(Unknown Source)
	at sun.reflect.DelegatingMethodAccessorImpl.invoke(Unknown Source)
	at java.lang.reflect.Method.invoke(Unknown Source)
	at org.testng.internal.MethodInvocationHelper.invokeMethod(MethodInvocationHelper.java:85)
	at org.testng.internal.Invoker.invokeMethod(Invoker.java:639)
	at org.testng.internal.Invoker.invokeTestMethod(Invoker.java:816)
	at org.testng.internal.Invoker.invokeTestMethods(Invoker.java:1124)
	at org.testng.internal.TestMethodWorker.invokeTestMethods(TestMethodWorker.java:125)
	at org.testng.internal.TestMethodWorker.run(TestMethodWorker.java:108)
	at org.testng.TestRunner.privateRun(TestRunner.java:774)
	at org.testng.TestRunner.run(TestRunner.java:624)
	at org.testng.SuiteRunner.runTest(SuiteRunner.java:359)
	at org.testng.SuiteRunner.runSequentially(SuiteRunner.java:354)
	at org.testng.SuiteRunner.privateRun(SuiteRunner.java:312)
	at org.testng.SuiteRunner.run(SuiteRunner.java:261)
	at org.testng.SuiteRunnerWorker.runSuite(SuiteRunnerWorker.java:52)
	at org.testng.SuiteRunnerWorker.run(SuiteRunnerWorker.java:86)
	at org.testng.TestNG.runSuitesSequentially(TestNG.java:1215)
	at org.testng.TestNG.runSuitesLocally(TestNG.java:1140)
	at org.testng.TestNG.run(TestNG.java:1048)
	at org.testng.remote.RemoteTestNG.run(RemoteTestNG.java:112)
	at org.testng.remote.RemoteTestNG.initAndRun(RemoteTestNG.java:205)
	at org.testng.remote.RemoteTestNG.main(RemoteTestNG.java:176)
Caused by: org.openqa.selenium.WebDriverException: java.net.SocketException: Connection reset
Build info: version: '2.48.2', revision: '41bccdd', time: '2015-10-09 19:59:12'
System info: host: 'PUN-PREMG', ip: '10.100.10.243', os.name: 'Windows 7', os.arch: 'amd64', os.version: '6.1', java.version: '1.8.0_77'
Driver info: driver.version: AndroidDriver
	at io.appium.java_client.remote.AppiumCommandExecutor.execute(AppiumCommandExecutor.java:64)
	at org.openqa.selenium.remote.RemoteWebDriver.execute(RemoteWebDriver.java:620)
	... 38 more
Caused by: java.net.SocketException: Connection reset
	at java.net.SocketInputStream.read(Unknown Source)
	at java.net.SocketInputStream.read(Unknown Source)
	at org.apache.http.impl.io.SessionInputBufferImpl.streamRead(SessionInputBufferImpl.java:139)
	at org.apache.http.impl.io.SessionInputBufferImpl.fillBuffer(SessionInputBufferImpl.java:155)
	at org.apache.http.impl.io.SessionInputBufferImpl.readLine(SessionInputBufferImpl.java:284)
	at org.apache.http.impl.conn.DefaultHttpResponseParser.parseHead(DefaultHttpResponseParser.java:140)
	at org.apache.http.impl.conn.DefaultHttpResponseParser.parseHead(DefaultHttpResponseParser.java:57)
	at org.apache.http.impl.io.AbstractMessageParser.parse(AbstractMessageParser.java:261)
	at org.apache.http.impl.DefaultBHttpClientConnection.receiveResponseHeader(DefaultBHttpClientConnection.java:165)
	at org.apache.http.impl.conn.CPoolProxy.receiveResponseHeader(CPoolProxy.java:167)
	at org.apache.http.protocol.HttpRequestExecutor.doReceiveResponse(HttpRequestExecutor.java:272)
	at org.apache.http.protocol.HttpRequestExecutor.execute(HttpRequestExecutor.java:124)
	at org.apache.http.impl.execchain.MainClientExec.execute(MainClientExec.java:271)
	at org.apache.http.impl.execchain.ProtocolExec.execute(ProtocolExec.java:184)
	at org.apache.http.impl.execchain.RetryExec.execute(RetryExec.java:88)
	at org.apache.http.impl.execchain.RedirectExec.execute(RedirectExec.java:110)
	at org.apache.http.impl.client.InternalHttpClient.doExecute(InternalHttpClient.java:184)
	at org.apache.http.impl.client.CloseableHttpClient.execute(CloseableHttpClient.java:71)
	at org.apache.http.impl.client.CloseableHttpClient.execute(CloseableHttpClient.java:55)
	at org.openqa.selenium.remote.internal.ApacheHttpClient.fallBackExecute(ApacheHttpClient.java:143)
	at org.openqa.selenium.remote.internal.ApacheHttpClient.execute(ApacheHttpClient.java:89)
	at org.openqa.selenium.remote.HttpCommandExecutor.execute(HttpCommandExecutor.java:142)
	at io.appium.java_client.remote.AppiumCommandExecutor.execute(AppiumCommandExecutor.java:52)
	... 39 more
]]>
    </error>
  </testcase> <!-- setMobileDesiredCapabilitiesForAndroid -->
</testsuite> <!-- Acuity.Pulse_Acuity -->
