<?xml version="1.0" encoding="UTF-8"?>
<!-- Generated by org.testng.reporters.JUnitReportReporter -->
<testsuite hostname="PUN-PREMG" name="com.PULSE.prem.CamScan" tests="1" failures="0" timestamp="21 Mar 2016 10:54:07 GMT" time="80.718" errors="0">
  <testcase name="setMobileDesiredCapabilitiesForAndroid" time="80.718" classname="com.PULSE.prem.CamScan"/>
</testsuite> <!-- com.PULSE.prem.CamScan -->
